{
  "RSpec": {
    "coverage": {
      "/Users/Jeiwan/Coding/Thinknetica/StackUnderflow/config/environment.rb": [
        null,
        1,
        null,
        null,
        1
      ],
      "/Users/Jeiwan/Coding/Thinknetica/StackUnderflow/config/application.rb": [
        1,
        null,
        1,
        null,
        null,
        null,
        1,
        null,
        1,
        1,
        null,
        null,
        null,
        null,
        null,
        null,
        null,
        null,
        null,
        null,
        null,
        1,
        1,
        null,
        1,
        1,
        1,
        1,
        null,
        null,
        null
      ],
      "/Users/Jeiwan/Coding/Thinknetica/StackUnderflow/config/boot.rb": [
        null,
        1,
        null,
        1
      ],
      "/Users/Jeiwan/Coding/Thinknetica/StackUnderflow/config/environments/test.rb": [
        1,
        null,
        null,
        null,
        null,
        null,
        null,
        1,
        null,
        null,
        null,
        null,
        1,
        null,
        null,
        1,
        1,
        null,
        null,
        1,
        1,
        null,
        null,
        1,
        null,
        null,
        1,
        null,
        null,
        null,
        null,
        1,
        null,
        null,
        1,
        null,
        null,
        null,
        1,
        1,
        null
      ],
      "/Users/Jeiwan/Coding/Thinknetica/StackUnderflow/config/initializers/assets.rb": [
        null,
        null,
        null,
        1,
        null,
        null,
        null,
        null
      ],
      "/Users/Jeiwan/Coding/Thinknetica/StackUnderflow/config/initializers/backtrace_silencers.rb": [
        null,
        null,
        null,
        null,
        null,
        null,
        null
      ],
      "/Users/Jeiwan/Coding/Thinknetica/StackUnderflow/config/initializers/cookies_serializer.rb": [
        null,
        null,
        1
      ],
      "/Users/Jeiwan/Coding/Thinknetica/StackUnderflow/config/initializers/devise.rb": [
        null,
        null,
        1,
        null,
        null,
        null,
        null,
        null,
        null,
        null,
        null,
        null,
        1,
        null,
        null,
        null,
        null,
        null,
        null,
        null,
        null,
        1,
        null,
        null,
        null,
        null,
        null,
        null,
        null,
        null,
        null,
        null,
        null,
        null,
        null,
        null,
        null,
        null,
        null,
        null,
        null,
        null,
        null,
        1,
        null,
        null,
        null,
        null,
        1,
        null,
        null,
        null,
        null,
        null,
        null,
        null,
        null,
        null,
        null,
        null,
        null,
        null,
        null,
        null,
        null,
        null,
        null,
        null,
        null,
        null,
        null,
        null,
        null,
        null,
        null,
        null,
        null,
        null,
        null,
        1,
        null,
        null,
        null,
        null,
        null,
        null,
        null,
        null,
        null,
        null,
        null,
        null,
        null,
        null,
        null,
        null,
        1,
        null,
        null,
        null,
        null,
        null,
        null,
        null,
        null,
        null,
        null,
        null,
        null,
        null,
        null,
        null,
        null,
        null,
        null,
        null,
        null,
        null,
        null,
        null,
        null,
        1,
        null,
        null,
        null,
        null,
        null,
        null,
        null,
        null,
        null,
        1,
        null,
        null,
        null,
        null,
        null,
        null,
        null,
        null,
        null,
        null,
        1,
        null,
        null,
        null,
        null,
        null,
        null,
        null,
        null,
        null,
        null,
        null,
        null,
        null,
        null,
        null,
        null,
        null,
        null,
        null,
        null,
        null,
        null,
        null,
        null,
        null,
        null,
        null,
        null,
        null,
        null,
        null,
        null,
        null,
        null,
        null,
        null,
        null,
        null,
        null,
        null,
        null,
        null,
        null,
        null,
        null,
        null,
        null,
        null,
        1,
        null,
        null,
        null,
        null,
        null,
        null,
        null,
        null,
        null,
        null,
        null,
        null,
        null,
        null,
        null,
        null,
        null,
        null,
        null,
        null,
        null,
        null,
        null,
        null,
        null,
        null,
        null,
        null,
        null,
        null,
        null,
        null,
        null,
        null,
        null,
        null,
        null,
        1,
        null,
        null,
        null,
        null,
        null,
        1,
        1,
        1,
        1,
        null,
        null,
        null,
        null,
        null,
        null,
        null,
        null,
        null,
        null,
        null,
        null,
        null,
        null,
        null,
        null,
        null,
        null,
        null,
        null,
        null,
        null,
        null,
        null
      ],
      "/Users/Jeiwan/Coding/Thinknetica/StackUnderflow/config/initializers/filter_parameter_logging.rb": [
        null,
        null,
        null,
        1
      ],
      "/Users/Jeiwan/Coding/Thinknetica/StackUnderflow/config/initializers/inflections.rb": [
        null,
        null,
        null,
        null,
        null,
        null,
        null,
        null,
        null,
        null,
        null,
        null,
        null,
        null,
        null,
        null
      ],
      "/Users/Jeiwan/Coding/Thinknetica/StackUnderflow/config/initializers/mime_types.rb": [
        null,
        null,
        null,
        null
      ],
      "/Users/Jeiwan/Coding/Thinknetica/StackUnderflow/config/initializers/session_store.rb": [
        null,
        null,
        1
      ],
      "/Users/Jeiwan/Coding/Thinknetica/StackUnderflow/config/initializers/simple_form.rb": [
        null,
        1,
        null,
        null,
        null,
        null,
        null,
        1,
        null,
        null,
        null,
        null,
        null,
        null,
        null,
        null,
        null,
        1,
        null,
        null,
        null,
        1,
        null,
        null,
        null,
        null,
        null,
        null,
        null,
        null,
        1,
        null,
        null,
        1,
        null,
        null,
        1,
        null,
        null,
        1,
        null,
        null,
        1,
        1,
        1,
        null,
        null,
        null,
        null,
        null,
        null,
        null,
        null,
        null,
        1,
        null,
        null,
        null,
        null,
        null,
        1,
        null,
        null,
        1,
        null,
        null,
        null,
        null,
        null,
        null,
        null,
        1,
        null,
        null,
        1,
        null,
        null,
        null,
        null,
        null,
        null,
        null,
        null,
        null,
        null,
        null,
        null,
        null,
        null,
        null,
        null,
        null,
        null,
        null,
        null,
        null,
        null,
        null,
        null,
        null,
        null,
        null,
        null,
        null,
        null,
        null,
        null,
        null,
        null,
        null,
        null,
        null,
        null,
        null,
        null,
        null,
        null,
        null,
        null,
        1,
        null,
        null,
        null,
        null,
        null,
        null,
        null,
        null,
        null,
        null,
        null,
        null,
        null,
        null,
        null,
        null,
        null,
        null,
        null,
        null,
        null,
        null,
        null,
        null,
        null,
        null,
        null,
        null,
        null,
        null,
        null,
        null,
        null,
        null,
        null,
        null,
        1,
        null,
        null,
        null,
        null,
        null,
        null,
        null,
        null
      ],
      "/Users/Jeiwan/Coding/Thinknetica/StackUnderflow/config/initializers/simple_form_bootstrap.rb": [
        null,
        1,
        1,
        1,
        1,
        null,
        410,
        null,
        1,
        1,
        1,
        1,
        1,
        1,
        1,
        1,
        null,
        1,
        1,
        1,
        null,
        null,
        1,
        1,
        1,
        1,
        1,
        1,
        null,
        1,
        1,
        1,
        null,
        null,
        1,
        1,
        1,
        null,
        1,
        1,
        null,
        null,
        1,
        1,
        null,
        null,
        1,
        1,
        1,
        1,
        1,
        1,
        1,
        null,
        null,
        1,
        1,
        1,
        1,
        1,
        1,
        1,
        1,
        null,
        1,
        1,
        1,
        1,
        null,
        null,
        null,
        1,
        1,
        1,
        1,
        1,
        1,
        null,
        1,
        1,
        1,
        1,
        null,
        null,
        null,
        1,
        1,
        1,
        null,
        1,
        1,
        1,
        null,
        null,
        1,
        1,
        null,
        null,
        null,
        1,
        1,
        1,
        null,
        1,
        null,
        1,
        1,
        1,
        1,
        null,
        null,
        null,
        1,
        1,
        1,
        1,
        1,
        1,
        1,
        1,
        null,
        1,
        1,
        1,
        null,
        null,
        null,
        null,
        null,
        null,
        1,
        null
      ],
      "/Users/Jeiwan/Coding/Thinknetica/StackUnderflow/config/initializers/wrap_parameters.rb": [
        null,
        null,
        null,
        null,
        null,
        null,
        1,
        1,
        null,
        null,
        null,
        null,
        null,
        null
      ],
      "/Users/Jeiwan/Coding/Thinknetica/StackUnderflow/config/routes.rb": [
        1,
        1,
        null,
        1,
        2,
        null,
        null,
        1,
        4,
        4,
        null,
        null,
        1,
        1,
        1,
        null,
        null,
        null,
        1,
        1,
        1,
        1,
        null,
        null,
        null,
        1,
        null,
        1,
        1,
        1,
        null,
        null,
        1,
        null
      ],
      "/Users/Jeiwan/Coding/Thinknetica/StackUnderflow/app/models/user.rb": [
        1,
        null,
        1,
        1,
        1,
        1,
        1,
        1,
        null,
        null,
        null,
        1,
        null,
        null,
        1,
        1,
        null,
        1,
        null,
        1,
        76,
        null,
        null,
        1,
        11,
        11,
        null,
        8,
        8,
        8,
        8,
        null,
        8,
        8,
        8,
        8,
        null,
        null
      ],
      "/Users/Jeiwan/Coding/Thinknetica/StackUnderflow/app/uploaders/avatar_uploader.rb": [
        null,
        null,
        1,
        null,
        null,
        null,
        1,
        null,
        null,
        1,
        null,
        null,
        null,
        null,
        1,
        18,
        null,
        null,
        null,
        1,
        null,
        null,
        158,
        null,
        null,
        null,
        null,
        null,
        null,
        null,
        null,
        null,
        null,
        null,
        null,
        null,
        null,
        1,
        1,
        null,
        null,
        1,
        1,
        null,
        null,
        null,
        null,
        1,
        30,
        null,
        null,
        null,
        null,
        null,
        null,
        null,
        null,
        null
      ],
      "/Users/Jeiwan/Coding/Thinknetica/StackUnderflow/app/helpers/answers_helper.rb": [
        1,
        null
      ],
      "/Users/Jeiwan/Coding/Thinknetica/StackUnderflow/app/helpers/application_helper.rb": [
        1,
        1,
        77,
        null,
        null
      ],
      "/Users/Jeiwan/Coding/Thinknetica/StackUnderflow/app/helpers/attachments_helper.rb": [
        1,
        null
      ],
      "/Users/Jeiwan/Coding/Thinknetica/StackUnderflow/app/helpers/comments_helper.rb": [
        1,
        null
      ],
      "/Users/Jeiwan/Coding/Thinknetica/StackUnderflow/app/helpers/questions_helper.rb": [
        1,
        1,
        333,
        null,
        null
      ],
      "/Users/Jeiwan/Coding/Thinknetica/StackUnderflow/app/helpers/tags_helper.rb": [
        1,
        null
      ],
      "/Users/Jeiwan/Coding/Thinknetica/StackUnderflow/app/helpers/users_helper.rb": [
        1,
        null
      ],
      "/Users/Jeiwan/Coding/Thinknetica/StackUnderflow/app/helpers/votes_helper.rb": [
        1,
        null
      ],
      "/Users/Jeiwan/Coding/Thinknetica/StackUnderflow/app/controllers/answers_controller.rb": [
        1,
        1,
        1,
        1,
        1,
        1,
        1,
        1,
        null,
        1,
        null,
        1,
        15,
        15,
        null,
        null,
        1,
        10,
        null,
        null,
        1,
        6,
        null,
        null,
        1,
        6,
        6,
        6,
        null,
        null,
        1,
        null,
        1,
        25,
        null,
        null,
        1,
        27,
        null,
        null,
        1,
        15,
        null,
        null,
        1,
        20,
        4,
        null,
        null,
        null,
        1,
        7,
        1,
        null,
        null,
        null,
        1,
        21,
        null,
        15,
        null,
        6,
        null,
        null,
        null
      ],
      "/Users/Jeiwan/Coding/Thinknetica/StackUnderflow/app/controllers/application_controller.rb": [
        1,
        null,
        1,
        1,
        null,
        null,
        null,
        1,
        1,
        1,
        null,
        1,
        80,
        null,
        null,
        1,
        1,
        171,
        null,
        null,
        1,
        46,
        46,
        null,
        null,
        1,
        33,
        33,
        17,
        10,
        null,
        46,
        26,
        null,
        null,
        null,
        null,
        1,
        51,
        51,
        18,
        20,
        null,
        null,
        null,
        null,
        1,
        559,
        3,
        1,
        null,
        2,
        null,
        3,
        null,
        null,
        null
      ],
      "/Users/Jeiwan/Coding/Thinknetica/StackUnderflow/lib/application_responder.rb": [
        1,
        1,
        1,
        null,
        null,
        null,
        null,
        null,
        null,
        null,
        null,
        null
      ],
      "/Users/Jeiwan/Coding/Thinknetica/StackUnderflow/app/controllers/attachments_controller.rb": [
        1,
        1,
        1,
        1,
        null,
        1,
        null,
        1,
        4,
        null,
        null,
        1,
        1,
        6,
        null,
        null,
        1,
        6,
        2,
        null,
        null,
        null
      ],
      "/Users/Jeiwan/Coding/Thinknetica/StackUnderflow/app/controllers/comments_controller.rb": [
        1,
        1,
        1,
        1,
        1,
        1,
        null,
        1,
        null,
        1,
        9,
        null,
        null,
        1,
        8,
        null,
        null,
        1,
        4,
        null,
        null,
        1,
        1,
        17,
        null,
        null,
        1,
        15,
        null,
        null,
        1,
        15,
        3,
        null,
        null,
        null,
        1,
        13,
        null,
        9,
        null,
        4,
        null,
        13,
        null,
        null
      ],
      "/Users/Jeiwan/Coding/Thinknetica/StackUnderflow/app/controllers/omniauth_callbacks_controller.rb": [
        1,
        1,
        null,
        1,
        null,
        null,
        1,
        null,
        null,
        1,
        null,
        null,
        1,
        null,
        null,
        1,
        null,
        1,
        8,
        8,
        4,
        4,
        null,
        4,
        4,
        4,
        null,
        null,
        null
      ],
      "/Users/Jeiwan/Coding/Thinknetica/StackUnderflow/app/controllers/questions_controller.rb": [
        1,
        1,
        1,
        1,
        1,
        null,
        1,
        1,
        null,
        1,
        1,
        1,
        1,
        null,
        1,
        107,
        null,
        null,
        1,
        10,
        10,
        null,
        null,
        1,
        61,
        61,
        61,
        null,
        null,
        1,
        19,
        null,
        null,
        1,
        7,
        null,
        null,
        1,
        6,
        null,
        null,
        1,
        null,
        1,
        26,
        null,
        null,
        1,
        76,
        null,
        null,
        1,
        15,
        2,
        null,
        null,
        null
      ],
      "/Users/Jeiwan/Coding/Thinknetica/StackUnderflow/app/controllers/tags_controller.rb": [
        1,
        1,
        1,
        1,
        null,
        1,
        11,
        null,
        null
      ],
      "/Users/Jeiwan/Coding/Thinknetica/StackUnderflow/app/controllers/users_controller.rb": [
        1,
        1,
        1,
        1,
        null,
        1,
        null,
        1,
        null,
        null,
        1,
        null,
        null,
        1,
        8,
        null,
        null,
        1,
        4,
        3,
        null,
        1,
        null,
        null,
        null,
        1,
        null,
        null,
        1,
        1,
        12,
        null,
        null,
        1,
        41,
        null,
        null,
        1,
        25,
        6,
        8,
        10,
        null,
        null,
        null,
        null
      ],
      "/Users/Jeiwan/Coding/Thinknetica/StackUnderflow/app/controllers/votes_controller.rb": [
        1,
        1,
        1,
        1,
        null,
        1,
        7,
        7,
        null,
        null,
        1,
        9,
        9,
        null,
        null,
        1,
        1,
        22,
        6,
        null,
        null,
        null,
        1,
        16,
        16,
        3,
        3,
        10,
        null,
        null,
        16,
        16,
        null,
        null
      ],
      "/Users/Jeiwan/Coding/Thinknetica/StackUnderflow/app/models/answer.rb": [
        1,
        1,
        null,
        1046,
        null,
        1,
        1,
        1,
        1,
        11,
        null,
        1,
        null,
        1,
        null,
        1,
        8,
        null,
        null,
        1,
        null,
        1,
        222,
        null,
        null
      ],
      "/Users/Jeiwan/Coding/Thinknetica/StackUnderflow/app/models/concerns/votable.rb": [
        1,
        1,
        null,
        1,
        3,
        null,
        null,
        1,
        27,
        24,
        null,
        null,
        null,
        1,
        22,
        19,
        null,
        null,
        null,
        1,
        296,
        null,
        null,
        1,
        131,
        6,
        null,
        null,
        null
      ],
      "/Users/Jeiwan/Coding/Thinknetica/StackUnderflow/app/models/question.rb": [
        1,
        1,
        1,
        null,
        797,
        5,
        3,
        3,
        9,
        null,
        1,
        1,
        null,
        1,
        1,
        1,
        1,
        1,
        1,
        11,
        null,
        1,
        1,
        1,
        1,
        null,
        1,
        102,
        null,
        null,
        1,
        59,
        null,
        null,
        1,
        1,
        816,
        2969,
        2969,
        2,
        2,
        null,
        null,
        null,
        null,
        1,
        776,
        776,
        2922,
        null,
        null,
        null,
        1,
        1592,
        1592,
        null,
        null,
        1,
        776,
        null,
        null
      ],
      "/Users/Jeiwan/Coding/Thinknetica/StackUnderflow/app/models/attachment.rb": [
        1,
        1,
        1,
        1,
        null,
        1,
        null
      ],
      "/Users/Jeiwan/Coding/Thinknetica/StackUnderflow/app/uploaders/file_uploader.rb": [
        null,
        null,
        1,
        1,
        null,
        1,
        25,
        null,
        null
      ],
      "/Users/Jeiwan/Coding/Thinknetica/StackUnderflow/app/models/comment.rb": [
        1,
        1,
        null,
        679,
        null,
        1,
        1,
        null,
        1,
        null,
        1,
        null,
        1,
        null,
        1,
        175,
        null,
        null
      ],
      "/Users/Jeiwan/Coding/Thinknetica/StackUnderflow/app/models/identity.rb": [
        1,
        1,
        null
      ],
      "/Users/Jeiwan/Coding/Thinknetica/StackUnderflow/app/models/impression.rb": [
        1,
        1,
        1,
        null,
        1,
        1,
        null
      ],
      "/Users/Jeiwan/Coding/Thinknetica/StackUnderflow/app/models/tag.rb": [
        1,
        null,
        4137,
        4,
        4137,
        2,
        null,
        1,
        null,
        1,
        null
      ],
      "/Users/Jeiwan/Coding/Thinknetica/StackUnderflow/app/models/vote.rb": [
        1,
        null,
        1,
        1,
        null,
        1,
        1,
        null,
        1,
        1,
        1,
        1,
        null,
        1,
        null,
        1,
        61,
        null,
        null,
        1,
        11,
        null,
        null
      ],
      "/Users/Jeiwan/Coding/Thinknetica/StackUnderflow/app/serializers/answer_serializer.rb": [
        1,
        1,
        null,
        1,
        1,
        null,
        1,
        30,
        null,
        null,
        1,
        30,
        30,
        null,
        null,
        1,
        30,
        0,
        null,
        30,
        null,
        null,
        null,
        1,
        30,
        null,
        null,
        1,
        30,
        null,
        null
      ],
      "/Users/Jeiwan/Coding/Thinknetica/StackUnderflow/app/serializers/application_serializer.rb": [
        1,
        1,
        54,
        null,
        null
      ],
      "/Users/Jeiwan/Coding/Thinknetica/StackUnderflow/app/serializers/user_serializer.rb": [
        1,
        1,
        null,
        1,
        35,
        null,
        null
      ],
      "/Users/Jeiwan/Coding/Thinknetica/StackUnderflow/app/serializers/comment_serializer.rb": [
        1,
        1,
        1,
        null,
        1,
        18,
        null,
        null,
        1,
        18,
        null,
        null,
        1,
        18,
        null,
        null,
        1,
        18,
        null,
        null
      ],
      "/Users/Jeiwan/Coding/Thinknetica/StackUnderflow/app/serializers/question_serializer.rb": [
        1,
        1,
        null,
        1,
        5,
        null,
        null,
        1,
        26,
        null,
        null,
        1,
        5,
        null,
        null,
        1,
        5,
        null,
        null
      ]
    },
    "timestamp": 1414498541
  }
}
